This file contains any messages produced by compilers while
running configure, to aid debugging if configure makes a mistake.

It was created by FULL-PACKAGE-NAME configure VERSION, which was
generated by GNU Autoconf 2.69.  Invocation command line was

  $ ./configure 

## --------- ##
## Platform. ##
## --------- ##

hostname = 192.168.0.102
uname -m = x86_64
uname -r = 18.0.0
uname -s = Darwin
uname -v = Darwin Kernel Version 18.0.0: Fri May 25 16:54:22 PDT 2018; root:xnu-4903.200.199.11.1~1/RELEASE_X86_64

/usr/bin/uname -p = i386
/bin/uname -X     = unknown

/bin/arch              = unknown
/usr/bin/arch -k       = unknown
/usr/convex/getsysinfo = unknown
/usr/bin/hostinfo      = Mach kernel version:
	 Darwin Kernel Version 18.0.0: Fri May 25 16:54:22 PDT 2018; root:xnu-4903.200.199.11.1~1/RELEASE_X86_64
Kernel configured for up to 4 processors.
4 processors are physically available.
4 processors are logically available.
Processor type: x86_64h (Intel x86-64h Haswell)
Processors active: 0 1 2 3
Primary memory available: 8.00 gigabytes
Default processor set: 381 tasks, 1438 threads, 4 processors
Load average: 1.66, Mach factor: 2.32
/bin/machine           = unknown
/usr/bin/oslevel       = unknown
/bin/universe          = unknown

PATH: /Applications/Xcode.app/Contents/Developer/Platforms/iPhoneOS.platform/Developer/SDKs/iphoneOS.sdk/System/Library/Frameworks/CoreFoundation.framework/Headers
PATH: /Applications/CMake.app/Contents/bin
PATH: /usr/local/bin
PATH: /anaconda3/bin
PATH: /usr/local/opt/php@7.1/sbin
PATH: /usr/local/opt/php@7.1/bin
PATH: /Library/Developer/Toolchains/swift-latest/usr/bin
PATH: /Users/sj/.rvm/gems/ruby-2.4.1/bin
PATH: /Users/sj/.rvm/gems/ruby-2.4.1@global/bin
PATH: /Users/sj/.rvm/rubies/ruby-2.4.1/bin
PATH: /usr/local/bin
PATH: /usr/bin
PATH: /bin
PATH: /usr/sbin
PATH: /sbin
PATH: /Users/sj/.rvm/bin
PATH: /usr/local/mysql/bin


## ----------- ##
## Core tests. ##
## ----------- ##

configure:1853: checking for a BSD-compatible install
configure:1921: result: /usr/local/bin/ginstall -c
configure:1932: checking whether build environment is sane
configure:1987: result: yes
configure:2138: checking for a thread-safe mkdir -p
configure:2177: result: /usr/local/bin/gmkdir -p
configure:2184: checking for gawk
configure:2214: result: no
configure:2184: checking for mawk
configure:2214: result: no
configure:2184: checking for nawk
configure:2214: result: no
configure:2184: checking for awk
configure:2200: found /usr/bin/awk
configure:2211: result: awk
configure:2222: checking whether make sets $(MAKE)
configure:2244: result: yes
configure:2273: checking whether make supports nested variables
configure:2290: result: yes
configure:2471: checking for pkg-config
configure:2489: found /usr/local/bin/pkg-config
configure:2501: result: /usr/local/bin/pkg-config
configure:2526: checking pkg-config is at least version 0.9.0
configure:2529: result: yes
configure:2539: checking for libpq 
configure:2546: $PKG_CONFIG --exists --print-errors "libpq "
configure:2549: $? = 0
configure:2563: $PKG_CONFIG --exists --print-errors "libpq "
configure:2566: $? = 0
configure:2624: result: yes
configure:2678: checking for gcc
configure:2694: found /usr/bin/gcc
configure:2705: result: gcc
configure:2934: checking for C compiler version
configure:2943: gcc --version >&5
Apple LLVM version 10.0.0 (clang-1000.10.25.5)
Target: x86_64-apple-darwin18.0.0
Thread model: posix
InstalledDir: /Applications/Xcode.app/Contents/Developer/Toolchains/XcodeDefault.xctoolchain/usr/bin
Configured with: --prefix=/Applications/Xcode.app/Contents/Developer/usr --with-gxx-include-dir=/usr/include/c++/4.2.1
configure:2954: $? = 0
configure:2943: gcc -v >&5
Configured with: --prefix=/Applications/Xcode.app/Contents/Developer/usr --with-gxx-include-dir=/usr/include/c++/4.2.1
Apple LLVM version 10.0.0 (clang-1000.10.25.5)
Target: x86_64-apple-darwin18.0.0
Thread model: posix
InstalledDir: /Applications/Xcode.app/Contents/Developer/Toolchains/XcodeDefault.xctoolchain/usr/bin
configure:2954: $? = 0
configure:2943: gcc -V >&5
clang: error: argument to '-V' is missing (expected 1 value)
clang: error: no input files
configure:2954: $? = 1
configure:2943: gcc -qversion >&5
clang: error: unknown argument: '-qversion'
clang: error: no input files
configure:2954: $? = 1
configure:2974: checking whether the C compiler works
configure:2996: gcc    conftest.c  >&5
configure:3000: $? = 0
configure:3048: result: yes
configure:3051: checking for C compiler default output file name
configure:3053: result: a.out
configure:3059: checking for suffix of executables
configure:3066: gcc -o conftest    conftest.c  >&5
configure:3070: $? = 0
configure:3092: result: 
configure:3114: checking whether we are cross compiling
configure:3122: gcc -o conftest    conftest.c  >&5
configure:3126: $? = 0
configure:3133: ./conftest
configure:3137: $? = 0
configure:3152: result: no
configure:3157: checking for suffix of object files
configure:3179: gcc -c   conftest.c >&5
configure:3183: $? = 0
configure:3204: result: o
configure:3208: checking whether we are using the GNU C compiler
configure:3227: gcc -c   conftest.c >&5
configure:3227: $? = 0
configure:3236: result: yes
configure:3245: checking whether gcc accepts -g
configure:3265: gcc -c -g  conftest.c >&5
configure:3265: $? = 0
configure:3306: result: yes
configure:3323: checking for gcc option to accept ISO C89
configure:3386: gcc  -c -g -O2  conftest.c >&5
configure:3386: $? = 0
configure:3399: result: none needed
configure:3424: checking whether gcc understands -c and -o together
configure:3446: gcc -c conftest.c -o conftest2.o
configure:3449: $? = 0
configure:3446: gcc -c conftest.c -o conftest2.o
configure:3449: $? = 0
configure:3461: result: yes
configure:3481: checking whether make supports the include directive
configure:3496: make -f confmf.GNU && cat confinc.out
this is the am__doit target
configure:3499: $? = 0
configure:3518: result: yes (GNU style)
configure:3543: checking dependency style of gcc
configure:3654: result: gcc3
configure:3788: checking that generated files are newer than configure
configure:3794: result: done
configure:3817: creating ./config.status

## ---------------------- ##
## Running config.status. ##
## ---------------------- ##

This file was extended by FULL-PACKAGE-NAME config.status VERSION, which was
generated by GNU Autoconf 2.69.  Invocation command line was

  CONFIG_FILES    = 
  CONFIG_HEADERS  = 
  CONFIG_LINKS    = 
  CONFIG_COMMANDS = 
  $ ./config.status 

on 192.168.0.102

config.status:844: creating Makefile
config.status:844: creating config.h
config.status:1073: executing depfiles commands
config.status:1150: cd .       && sed -e '/# am--include-marker/d' Makefile         | make -f - am--depfiles
config.status:1155: $? = 0

## ---------------- ##
## Cache variables. ##
## ---------------- ##

ac_cv_c_compiler_gnu=yes
ac_cv_env_CC_set=
ac_cv_env_CC_value=
ac_cv_env_CFLAGS_set=
ac_cv_env_CFLAGS_value=
ac_cv_env_CPPFLAGS_set=
ac_cv_env_CPPFLAGS_value=
ac_cv_env_LDFLAGS_set=
ac_cv_env_LDFLAGS_value=
ac_cv_env_LIBS_set=
ac_cv_env_LIBS_value=
ac_cv_env_PKG_CONFIG_LIBDIR_set=
ac_cv_env_PKG_CONFIG_LIBDIR_value=
ac_cv_env_PKG_CONFIG_PATH_set=
ac_cv_env_PKG_CONFIG_PATH_value=
ac_cv_env_PKG_CONFIG_set=
ac_cv_env_PKG_CONFIG_value=
ac_cv_env_XML_CFLAGS_set=
ac_cv_env_XML_CFLAGS_value=
ac_cv_env_XML_LIBS_set=
ac_cv_env_XML_LIBS_value=
ac_cv_env_build_alias_set=
ac_cv_env_build_alias_value=
ac_cv_env_host_alias_set=
ac_cv_env_host_alias_value=
ac_cv_env_target_alias_set=
ac_cv_env_target_alias_value=
ac_cv_objext=o
ac_cv_path_ac_pt_PKG_CONFIG=/usr/local/bin/pkg-config
ac_cv_path_install='/usr/local/bin/ginstall -c'
ac_cv_path_mkdir=/usr/local/bin/gmkdir
ac_cv_prog_AWK=awk
ac_cv_prog_ac_ct_CC=gcc
ac_cv_prog_cc_c89=
ac_cv_prog_cc_g=yes
ac_cv_prog_make_make_set=yes
am_cv_CC_dependencies_compiler_type=gcc3
am_cv_make_support_nested_variables=yes
am_cv_prog_cc_c_o=yes
pkg_cv_XML_CFLAGS=-I/Applications/Xcode.app/Contents/Developer/Platforms/MacOSX.platform/Developer/SDKs/MacOSX10.14.Internal.sdk/usr/local/include
pkg_cv_XML_LIBS=-lpq

## ----------------- ##
## Output variables. ##
## ----------------- ##

ACLOCAL='${SHELL} /Users/sj/documents/stTests/TriMatch/tmp/missing aclocal-1.16'
AMDEPBACKSLASH='\'
AMDEP_FALSE='#'
AMDEP_TRUE=''
AMTAR='$${TAR-tar}'
AM_BACKSLASH='\'
AM_DEFAULT_V='$(AM_DEFAULT_VERBOSITY)'
AM_DEFAULT_VERBOSITY='1'
AM_V='$(V)'
AUTOCONF='${SHELL} /Users/sj/documents/stTests/TriMatch/tmp/missing autoconf'
AUTOHEADER='${SHELL} /Users/sj/documents/stTests/TriMatch/tmp/missing autoheader'
AUTOMAKE='${SHELL} /Users/sj/documents/stTests/TriMatch/tmp/missing automake-1.16'
AWK='awk'
CC='gcc'
CCDEPMODE='depmode=gcc3'
CFLAGS='-g -O2'
CPPFLAGS=''
CYGPATH_W='echo'
DEFS='-DHAVE_CONFIG_H'
DEPDIR='.deps'
ECHO_C='\c'
ECHO_N=''
ECHO_T=''
EXEEXT=''
INSTALL_DATA='${INSTALL} -m 644'
INSTALL_PROGRAM='${INSTALL}'
INSTALL_SCRIPT='${INSTALL}'
INSTALL_STRIP_PROGRAM='$(install_sh) -c -s'
LDFLAGS=''
LIBOBJS=''
LIBS=''
LTLIBOBJS=''
MAKEINFO='${SHELL} /Users/sj/documents/stTests/TriMatch/tmp/missing makeinfo'
MKDIR_P='/usr/local/bin/gmkdir -p'
OBJEXT='o'
PACKAGE='full-package-name'
PACKAGE_BUGREPORT='BUG-REPORT-ADDRESS'
PACKAGE_NAME='FULL-PACKAGE-NAME'
PACKAGE_STRING='FULL-PACKAGE-NAME VERSION'
PACKAGE_TARNAME='full-package-name'
PACKAGE_URL=''
PACKAGE_VERSION='VERSION'
PATH_SEPARATOR=':'
PKG_CONFIG='/usr/local/bin/pkg-config'
PKG_CONFIG_LIBDIR=''
PKG_CONFIG_PATH=''
SET_MAKE=''
SHELL='/bin/sh'
STRIP=''
VERSION='VERSION'
XML_CFLAGS='-I/Applications/Xcode.app/Contents/Developer/Platforms/MacOSX.platform/Developer/SDKs/MacOSX10.14.Internal.sdk/usr/local/include'
XML_LIBS='-lpq'
ac_ct_CC='gcc'
am__EXEEXT_FALSE=''
am__EXEEXT_TRUE='#'
am__fastdepCC_FALSE='#'
am__fastdepCC_TRUE=''
am__include='include'
am__isrc=''
am__leading_dot='.'
am__nodep='_no'
am__quote=''
am__tar='$${TAR-tar} chof - "$$tardir"'
am__untar='$${TAR-tar} xf -'
bindir='${exec_prefix}/bin'
build_alias=''
datadir='${datarootdir}'
datarootdir='${prefix}/share'
docdir='${datarootdir}/doc/${PACKAGE_TARNAME}'
dvidir='${docdir}'
exec_prefix='${prefix}'
host_alias=''
htmldir='${docdir}'
includedir='${prefix}/include'
infodir='${datarootdir}/info'
install_sh='${SHELL} /Users/sj/documents/stTests/TriMatch/tmp/install-sh'
libdir='${exec_prefix}/lib'
libexecdir='${exec_prefix}/libexec'
localedir='${datarootdir}/locale'
localstatedir='${prefix}/var'
mandir='${datarootdir}/man'
mkdir_p='$(MKDIR_P)'
oldincludedir='/usr/include'
pdfdir='${docdir}'
prefix='/usr/local'
program_transform_name='s,x,x,'
psdir='${docdir}'
sbindir='${exec_prefix}/sbin'
sharedstatedir='${prefix}/com'
sysconfdir='${prefix}/etc'
target_alias=''

## ----------- ##
## confdefs.h. ##
## ----------- ##

/* confdefs.h */
#define PACKAGE_NAME "FULL-PACKAGE-NAME"
#define PACKAGE_TARNAME "full-package-name"
#define PACKAGE_VERSION "VERSION"
#define PACKAGE_STRING "FULL-PACKAGE-NAME VERSION"
#define PACKAGE_BUGREPORT "BUG-REPORT-ADDRESS"
#define PACKAGE_URL ""
#define PACKAGE "full-package-name"
#define VERSION "VERSION"

configure: exit 0
